<?xml version="1.0" encoding="UTF-8"?>
<coverage generated="1595592715476" clover="3.2.0">
  <project timestamp="1595592715476" name="All files">
    <metrics statements="30" coveredstatements="23" conditionals="0" coveredconditionals="0" methods="14" coveredmethods="9" elements="44" coveredelements="32" complexity="0" loc="30" ncloc="30" packages="3" files="10" classes="10"/>
    <package name="assets">
      <metrics statements="1" coveredstatements="1" conditionals="0" coveredconditionals="0" methods="0" coveredmethods="0"/>
      <file name="logo.svg" path="/home/gherman/Documents/Projects/IntellST/intellst-front/src/assets/logo.svg">
        <metrics statements="1" coveredstatements="1" conditionals="0" coveredconditionals="0" methods="0" coveredmethods="0"/>
        <line num="1" count="1" type="stmt"/>
      </file>
    </package>
    <package name="components">
      <metrics statements="13" coveredstatements="12" conditionals="0" coveredconditionals="0" methods="8" coveredmethods="7"/>
      <file name="BarChart.vue" path="/home/gherman/Documents/Projects/IntellST/intellst-front/src/components/BarChart.vue">
        <metrics statements="5" coveredstatements="5" conditionals="0" coveredconditionals="0" methods="3" coveredmethods="3"/>
        <line num="2" count="1" type="stmt"/>
        <line num="7" count="6" type="stmt"/>
        <line num="33" count="6" type="stmt"/>
        <line num="34" count="6" type="stmt"/>
        <line num="35" count="6" type="stmt"/>
      </file>
      <file name="LanguageSwitcher.vue" path="/home/gherman/Documents/Projects/IntellST/intellst-front/src/components/LanguageSwitcher.vue">
        <metrics statements="1" coveredstatements="0" conditionals="0" coveredconditionals="0" methods="1" coveredmethods="0"/>
        <line num="44" count="0" type="stmt"/>
      </file>
      <file name="LineChart.vue" path="/home/gherman/Documents/Projects/IntellST/intellst-front/src/components/LineChart.vue">
        <metrics statements="5" coveredstatements="5" conditionals="0" coveredconditionals="0" methods="3" coveredmethods="3"/>
        <line num="2" count="1" type="stmt"/>
        <line num="7" count="6" type="stmt"/>
        <line num="34" count="6" type="stmt"/>
        <line num="35" count="6" type="stmt"/>
        <line num="36" count="6" type="stmt"/>
      </file>
      <file name="PersonPhoto.vue" path="/home/gherman/Documents/Projects/IntellST/intellst-front/src/components/PersonPhoto.vue">
        <metrics statements="1" coveredstatements="1" conditionals="0" coveredconditionals="0" methods="1" coveredmethods="1"/>
        <line num="57" count="3" type="stmt"/>
      </file>
      <file name="Snackbar.vue" path="/home/gherman/Documents/Projects/IntellST/intellst-front/src/components/Snackbar.vue">
        <metrics statements="1" coveredstatements="1" conditionals="0" coveredconditionals="0" methods="0" coveredmethods="0"/>
        <line num="17" count="1" type="stmt"/>
      </file>
    </package>
    <package name="views">
      <metrics statements="16" coveredstatements="10" conditionals="0" coveredconditionals="0" methods="6" coveredmethods="2"/>
      <file name="ConsultCases.vue" path="/home/gherman/Documents/Projects/IntellST/intellst-front/src/views/ConsultCases.vue">
        <metrics statements="1" coveredstatements="1" conditionals="0" coveredconditionals="0" methods="0" coveredmethods="0"/>
        <line num="47" count="1" type="stmt"/>
      </file>
      <file name="Dashboard.vue" path="/home/gherman/Documents/Projects/IntellST/intellst-front/src/views/Dashboard.vue">
        <metrics statements="10" coveredstatements="5" conditionals="0" coveredconditionals="0" methods="4" coveredmethods="1"/>
        <line num="41" count="1" type="stmt"/>
        <line num="42" count="1" type="stmt"/>
        <line num="43" count="1" type="stmt"/>
        <line num="44" count="1" type="stmt"/>
        <line num="54" count="6" type="stmt"/>
        <line num="64" count="0" type="stmt"/>
        <line num="67" count="0" type="stmt"/>
        <line num="68" count="0" type="stmt"/>
        <line num="73" count="0" type="stmt"/>
        <line num="74" count="0" type="stmt"/>
      </file>
      <file name="HomePage.vue" path="/home/gherman/Documents/Projects/IntellST/intellst-front/src/views/HomePage.vue">
        <metrics statements="2" coveredstatements="2" conditionals="0" coveredconditionals="0" methods="0" coveredmethods="0"/>
        <line num="38" count="1" type="stmt"/>
        <line num="39" count="1" type="stmt"/>
      </file>
      <file name="Login.vue" path="/home/gherman/Documents/Projects/IntellST/intellst-front/src/views/Login.vue">
        <metrics statements="3" coveredstatements="2" conditionals="0" coveredconditionals="0" methods="2" coveredmethods="1"/>
        <line num="49" count="1" type="stmt"/>
        <line num="52" count="2" type="stmt"/>
        <line num="61" count="0" type="stmt"/>
      </file>
    </package>
  </project>
</coverage>
