TN:
SF:/home/gherman/Documents/Projects/IntellST/intellst-front/src/assets/logo.svg
FNF:0
FNH:0
DA:1,1
LF:1
LH:1
BRF:0
BRH:0
end_of_record
TN:
SF:/home/gherman/Documents/Projects/IntellST/intellst-front/src/components/BarChart.vue
FN:6,(anonymous_1)
FN:32,(anonymous_2)
FN:34,(anonymous_3)
FNF:3
FNH:3
FNDA:6,(anonymous_1)
FNDA:6,(anonymous_2)
FNDA:6,(anonymous_3)
DA:2,1
DA:7,6
DA:33,6
DA:34,6
DA:35,6
LF:5
LH:5
BRF:0
BRH:0
end_of_record
TN:
SF:/home/gherman/Documents/Projects/IntellST/intellst-front/src/components/LanguageSwitcher.vue
FN:43,(anonymous_1)
FNF:1
FNH:0
FNDA:0,(anonymous_1)
DA:44,0
LF:1
LH:0
BRF:0
BRH:0
end_of_record
TN:
SF:/home/gherman/Documents/Projects/IntellST/intellst-front/src/components/LineChart.vue
FN:6,(anonymous_1)
FN:33,(anonymous_2)
FN:35,(anonymous_3)
FNF:3
FNH:3
FNDA:6,(anonymous_1)
FNDA:6,(anonymous_2)
FNDA:6,(anonymous_3)
DA:2,1
DA:7,6
DA:34,6
DA:35,6
DA:36,6
LF:5
LH:5
BRF:0
BRH:0
end_of_record
TN:
SF:/home/gherman/Documents/Projects/IntellST/intellst-front/src/components/PersonPhoto.vue
FN:56,(anonymous_1)
FNF:1
FNH:1
FNDA:3,(anonymous_1)
DA:57,3
LF:1
LH:1
BRF:0
BRH:0
end_of_record
TN:
SF:/home/gherman/Documents/Projects/IntellST/intellst-front/src/components/Snackbar.vue
FNF:0
FNH:0
DA:17,1
LF:1
LH:1
BRF:0
BRH:0
end_of_record
TN:
SF:/home/gherman/Documents/Projects/IntellST/intellst-front/src/views/ConsultCases.vue
FNF:0
FNH:0
DA:47,1
LF:1
LH:1
BRF:0
BRH:0
end_of_record
TN:
SF:/home/gherman/Documents/Projects/IntellST/intellst-front/src/views/Dashboard.vue
FN:53,(anonymous_1)
FN:63,(anonymous_2)
FN:66,(anonymous_3)
FN:72,(anonymous_4)
FNF:4
FNH:1
FNDA:6,(anonymous_1)
FNDA:0,(anonymous_2)
FNDA:0,(anonymous_3)
FNDA:0,(anonymous_4)
DA:41,1
DA:42,1
DA:43,1
DA:44,1
DA:54,6
DA:64,0
DA:67,0
DA:68,0
DA:73,0
DA:74,0
LF:10
LH:5
BRF:0
BRH:0
end_of_record
TN:
SF:/home/gherman/Documents/Projects/IntellST/intellst-front/src/views/HomePage.vue
FNF:0
FNH:0
DA:38,1
DA:39,1
LF:2
LH:2
BRF:0
BRH:0
end_of_record
TN:
SF:/home/gherman/Documents/Projects/IntellST/intellst-front/src/views/Login.vue
FN:52,(anonymous_1)
FN:60,(anonymous_2)
FNF:2
FNH:1
FNDA:2,(anonymous_1)
FNDA:0,(anonymous_2)
DA:49,1
DA:52,2
DA:61,0
LF:3
LH:2
BRF:0
BRH:0
end_of_record
